# JRE version: OpenJDK Runtime Environment (8.0_242-b01) (build 1.8.0_242-release-1644-b01)
# Java VM: OpenJDK 64-Bit Server VM (25.242-b01 mixed mode windows-amd64 compressed oops)
Heap:
 PSYoungGen      total 325632K, used 140288K [0x00000000d5580000, 0x00000000ef900000, 0x0000000100000000)
  eden space 275968K, 32% used [0x00000000d5580000,0x00000000dae01c70,0x00000000e6300000)
  from space 49664K, 99% used [0x00000000e6300000,0x00000000e937e6d0,0x00000000e9380000)
  to   space 61952K, 0% used [0x00000000ebc80000,0x00000000ebc80000,0x00000000ef900000)
 ParOldGen       total 318464K, used 116595K [0x0000000080000000, 0x0000000093700000, 0x00000000d5580000)
  object space 318464K, 36% used [0x0000000080000000,0x00000000871dcec8,0x0000000093700000)
 Metaspace       used 123556K, capacity 131018K, committed 131160K, reserved 1163264K
  class space    used 16113K, capacity 17649K, committed 17752K, reserved 1048576K
GC Heap History (10 events):
Event: 16.293 GC heap before
{Heap before GC invocations=19 (full 3):
 PSYoungGen      total 257536K, used 161776K [0x00000000d5580000, 0x00000000e9f80000, 0x0000000100000000)
  eden space 216064K, 65% used [0x00000000d5580000,0x00000000ddf02ff8,0x00000000e2880000)
  from space 41472K, 50% used [0x00000000e2880000,0x00000000e3cf9080,0x00000000e5100000)
  to   space 40448K, 0% used [0x00000000e7800000,0x00000000e7800000,0x00000000e9f80000)
 ParOldGen       total 185344K, used 80661K [0x0000000080000000, 0x000000008b500000, 0x00000000d5580000)
  object space 185344K, 43% used [0x0000000080000000,0x0000000084ec5608,0x000000008b500000)
 Metaspace       used 92682K, capacity 98352K, committed 98496K, reserved 1134592K
  class space    used 12380K, capacity 13574K, committed 13656K, reserved 1048576K
Event: 16.340 GC heap after
Heap after GC invocations=19 (full 3):
 PSYoungGen      total 293376K, used 34501K [0x00000000d5580000, 0x00000000eae00000, 0x0000000100000000)
  eden space 252928K, 0% used [0x00000000d5580000,0x00000000d5580000,0x00000000e4c80000)
  from space 40448K, 85% used [0x00000000e7800000,0x00000000e99b1560,0x00000000e9f80000)
  to   space 44544K, 0% used [0x00000000e4c80000,0x00000000e4c80000,0x00000000e7800000)
 ParOldGen       total 185344K, used 80669K [0x0000000080000000, 0x000000008b500000, 0x00000000d5580000)
  object space 185344K, 43% used [0x0000000080000000,0x0000000084ec7608,0x000000008b500000)
 Metaspace       used 92682K, capacity 98352K, committed 98496K, reserved 1134592K
  class space    used 12380K, capacity 13574K, committed 13656K, reserved 1048576K
}
Event: 16.340 GC heap before
{Heap before GC invocations=20 (full 4):
 PSYoungGen      total 293376K, used 34501K [0x00000000d5580000, 0x00000000eae00000, 0x0000000100000000)
  eden space 252928K, 0% used [0x00000000d5580000,0x00000000d5580000,0x00000000e4c80000)
  from space 40448K, 85% used [0x00000000e7800000,0x00000000e99b1560,0x00000000e9f80000)
  to   space 44544K, 0% used [0x00000000e4c80000,0x00000000e4c80000,0x00000000e7800000)
 ParOldGen       total 185344K, used 80669K [0x0000000080000000, 0x000000008b500000, 0x00000000d5580000)
  object space 185344K, 43% used [0x0000000080000000,0x0000000084ec7608,0x000000008b500000)
 Metaspace       used 92682K, capacity 98352K, committed 98496K, reserved 1134592K
  class space    used 12380K, capacity 13574K, committed 13656K, reserved 1048576K
Event: 16.909 GC heap after
Heap after GC invocations=20 (full 4):
 PSYoungGen      total 293376K, used 0K [0x00000000d5580000, 0x00000000eae00000, 0x0000000100000000)
  eden space 252928K, 0% used [0x00000000d5580000,0x00000000d5580000,0x00000000e4c80000)
  from space 40448K, 0% used [0x00000000e7800000,0x00000000e7800000,0x00000000e9f80000)
  to   space 44544K, 0% used [0x00000000e4c80000,0x00000000e4c80000,0x00000000e7800000)
 ParOldGen       total 318464K, used 103672K [0x0000000080000000, 0x0000000093700000, 0x00000000d5580000)
  object space 318464K, 32% used [0x0000000080000000,0x000000008653e1e8,0x0000000093700000)
 Metaspace       used 92211K, capacity 96968K, committed 98496K, reserved 1134592K
  class space    used 12228K, capacity 13310K, committed 13656K, reserved 1048576K
}
Event: 28.005 GC heap before
{Heap before GC invocations=21 (full 4):
 PSYoungGen      total 293376K, used 252928K [0x00000000d5580000, 0x00000000eae00000, 0x0000000100000000)
  eden space 252928K, 100% used [0x00000000d5580000,0x00000000e4c80000,0x00000000e4c80000)
  from space 40448K, 0% used [0x00000000e7800000,0x00000000e7800000,0x00000000e9f80000)
  to   space 44544K, 0% used [0x00000000e4c80000,0x00000000e4c80000,0x00000000e7800000)
 ParOldGen       total 318464K, used 103672K [0x0000000080000000, 0x0000000093700000, 0x00000000d5580000)
  object space 318464K, 32% used [0x0000000080000000,0x000000008653e1e8,0x0000000093700000)
 Metaspace       used 95462K, capacity 100712K, committed 101208K, reserved 1136640K
  class space    used 12647K, capacity 13820K, committed 13912K, reserved 1048576K
Event: 28.037 GC heap after
Heap after GC invocations=21 (full 4):
 PSYoungGen      total 297472K, used 25098K [0x00000000d5580000, 0x00000000ebe80000, 0x0000000100000000)
  eden space 252928K, 0% used [0x00000000d5580000,0x00000000d5580000,0x00000000e4c80000)
  from space 44544K, 56% used [0x00000000e4c80000,0x00000000e6502b40,0x00000000e7800000)
  to   space 44032K, 0% used [0x00000000e9380000,0x00000000e9380000,0x00000000ebe80000)
 ParOldGen       total 318464K, used 103680K [0x0000000080000000, 0x0000000093700000, 0x00000000d5580000)
  object space 318464K, 32% used [0x0000000080000000,0x00000000865401e8,0x0000000093700000)
 Metaspace       used 95462K, capacity 100712K, committed 101208K, reserved 1136640K
  class space    used 12647K, capacity 13820K, committed 13912K, reserved 1048576K
}
Event: 38.848 GC heap before
{Heap before GC invocations=22 (full 4):
 PSYoungGen      total 297472K, used 278026K [0x00000000d5580000, 0x00000000ebe80000, 0x0000000100000000)
  eden space 252928K, 100% used [0x00000000d5580000,0x00000000e4c80000,0x00000000e4c80000)
  from space 44544K, 56% used [0x00000000e4c80000,0x00000000e6502b40,0x00000000e7800000)
  to   space 44032K, 0% used [0x00000000e9380000,0x00000000e9380000,0x00000000ebe80000)
 ParOldGen       total 318464K, used 103680K [0x0000000080000000, 0x0000000093700000, 0x00000000d5580000)
  object space 318464K, 32% used [0x0000000080000000,0x00000000865401e8,0x0000000093700000)
 Metaspace       used 100148K, capacity 105784K, committed 105944K, reserved 1140736K
  class space    used 13249K, capacity 14447K, committed 14552K, reserved 1048576K
Event: 38.925 GC heap after
Heap after GC invocations=22 (full 4):
 PSYoungGen      total 320000K, used 42199K [0x00000000d5580000, 0x00000000ec600000, 0x0000000100000000)
  eden space 275968K, 0% used [0x00000000d5580000,0x00000000d5580000,0x00000000e6300000)
  from space 44032K, 95% used [0x00000000e9380000,0x00000000ebcb5f30,0x00000000ebe80000)
  to   space 49664K, 0% used [0x00000000e6300000,0x00000000e6300000,0x00000000e9380000)
 ParOldGen       total 318464K, used 103688K [0x0000000080000000, 0x0000000093700000, 0x00000000d5580000)
  object space 318464K, 32% used [0x0000000080000000,0x00000000865421e8,0x0000000093700000)
 Metaspace       used 100148K, capacity 105784K, committed 105944K, reserved 1140736K
  class space    used 13249K, capacity 14447K, committed 14552K, reserved 1048576K
}
Event: 44.531 GC heap before
{Heap before GC invocations=23 (full 4):
 PSYoungGen      total 320000K, used 318167K [0x00000000d5580000, 0x00000000ec600000, 0x0000000100000000)
  eden space 275968K, 100% used [0x00000000d5580000,0x00000000e6300000,0x00000000e6300000)
  from space 44032K, 95% used [0x00000000e9380000,0x00000000ebcb5f30,0x00000000ebe80000)
  to   space 49664K, 0% used [0x00000000e6300000,0x00000000e6300000,0x00000000e9380000)
 ParOldGen       total 318464K, used 103688K [0x0000000080000000, 0x0000000093700000, 0x00000000d5580000)
  object space 318464K, 32% used [0x0000000080000000,0x00000000865421e8,0x0000000093700000)
 Metaspace       used 117406K, capacity 123902K, committed 124120K, reserved 1157120K
  class space    used 15326K, capacity 16743K, committed 16856K, reserved 1048576K
Event: 44.665 GC heap after
Heap after GC invocations=23 (full 4):
 PSYoungGen      total 325632K, used 49657K [0x00000000d5580000, 0x00000000ef900000, 0x0000000100000000)
  eden space 275968K, 0% used [0x00000000d5580000,0x00000000d5580000,0x00000000e6300000)
  from space 49664K, 99% used [0x00000000e6300000,0x00000000e937e6d0,0x00000000e9380000)
  to   space 61952K, 0% used [0x00000000ebc80000,0x00000000ebc80000,0x00000000ef900000)
 ParOldGen       total 318464K, used 116595K [0x0000000080000000, 0x0000000093700000, 0x00000000d5580000)
  object space 318464K, 36% used [0x0000000080000000,0x00000000871dcec8,0x0000000093700000)
 Metaspace       used 117406K, capacity 123902K, committed 124120K, reserved 1157120K
  class space    used 15326K, capacity 16743K, committed 16856K, reserved 1048576K
}

