# JRE version: OpenJDK Runtime Environment (8.0_242-b01) (build 1.8.0_242-release-1644-b01)
# Java VM: OpenJDK 64-Bit Server VM (25.242-b01 mixed mode windows-amd64 compressed oops)
Heap:
 PSYoungGen      total 446976K, used 300102K [0x00000000d5580000, 0x00000000fac80000, 0x0000000100000000)
  eden space 402944K, 63% used [0x00000000d5580000,0x00000000e4f99988,0x00000000edf00000)
  from space 44032K, 99% used [0x00000000edf00000,0x00000000f09f8250,0x00000000f0a00000)
  to   space 58880K, 0% used [0x00000000f7300000,0x00000000f7300000,0x00000000fac80000)
 ParOldGen       total 336896K, used 139921K [0x0000000080000000, 0x0000000094900000, 0x00000000d5580000)
  object space 336896K, 41% used [0x0000000080000000,0x00000000888a45f0,0x0000000094900000)
 Metaspace       used 102807K, capacity 108708K, committed 108824K, reserved 1142784K
  class space    used 13654K, capacity 14802K, committed 14896K, reserved 1048576K
GC Heap History (10 events):
Event: 52.121 GC heap before
{Heap before GC invocations=15 (full 3):
 PSYoungGen      total 342016K, used 334074K [0x00000000d5580000, 0x00000000ef480000, 0x0000000100000000)
  eden space 310272K, 100% used [0x00000000d5580000,0x00000000e8480000,0x00000000e8480000)
  from space 31744K, 74% used [0x00000000e8480000,0x00000000e9bbe880,0x00000000ea380000)
  to   space 33792K, 0% used [0x00000000ed380000,0x00000000ed380000,0x00000000ef480000)
 ParOldGen       total 186368K, used 75247K [0x0000000080000000, 0x000000008b600000, 0x00000000d5580000)
  object space 186368K, 40% used [0x0000000080000000,0x000000008497bf20,0x000000008b600000)
 Metaspace       used 85113K, capacity 90050K, committed 90392K, reserved 1126400K
  class space    used 11503K, capacity 12469K, committed 12592K, reserved 1048576K
Event: 52.163 GC heap after
Heap after GC invocations=15 (full 3):
 PSYoungGen      total 381440K, used 33776K [0x00000000d5580000, 0x00000000eff00000, 0x0000000100000000)
  eden space 347648K, 0% used [0x00000000d5580000,0x00000000d5580000,0x00000000ea900000)
  from space 33792K, 99% used [0x00000000ed380000,0x00000000ef47c1d8,0x00000000ef480000)
  to   space 43520K, 0% used [0x00000000ea900000,0x00000000ea900000,0x00000000ed380000)
 ParOldGen       total 186368K, used 87840K [0x0000000080000000, 0x000000008b600000, 0x00000000d5580000)
  object space 186368K, 47% used [0x0000000080000000,0x00000000855c80a0,0x000000008b600000)
 Metaspace       used 85113K, capacity 90050K, committed 90392K, reserved 1126400K
  class space    used 11503K, capacity 12469K, committed 12592K, reserved 1048576K
}
Event: 53.259 GC heap before
{Heap before GC invocations=16 (full 3):
 PSYoungGen      total 381440K, used 198900K [0x00000000d5580000, 0x00000000eff00000, 0x0000000100000000)
  eden space 347648K, 47% used [0x00000000d5580000,0x00000000df6c0f88,0x00000000ea900000)
  from space 33792K, 99% used [0x00000000ed380000,0x00000000ef47c1d8,0x00000000ef480000)
  to   space 43520K, 0% used [0x00000000ea900000,0x00000000ea900000,0x00000000ed380000)
 ParOldGen       total 186368K, used 87840K [0x0000000080000000, 0x000000008b600000, 0x00000000d5580000)
  object space 186368K, 47% used [0x0000000080000000,0x00000000855c80a0,0x000000008b600000)
 Metaspace       used 92609K, capacity 98480K, committed 98584K, reserved 1134592K
  class space    used 12663K, capacity 13828K, committed 13872K, reserved 1048576K
Event: 53.294 GC heap after
Heap after GC invocations=16 (full 3):
 PSYoungGen      total 391168K, used 23961K [0x00000000d5580000, 0x00000000f3480000, 0x0000000100000000)
  eden space 347648K, 0% used [0x00000000d5580000,0x00000000d5580000,0x00000000ea900000)
  from space 43520K, 55% used [0x00000000ea900000,0x00000000ec066630,0x00000000ed380000)
  to   space 43008K, 0% used [0x00000000f0a80000,0x00000000f0a80000,0x00000000f3480000)
 ParOldGen       total 186368K, used 119374K [0x0000000080000000, 0x000000008b600000, 0x00000000d5580000)
  object space 186368K, 64% used [0x0000000080000000,0x0000000087493948,0x000000008b600000)
 Metaspace       used 92609K, capacity 98480K, committed 98584K, reserved 1134592K
  class space    used 12663K, capacity 13828K, committed 13872K, reserved 1048576K
}
Event: 53.294 GC heap before
{Heap before GC invocations=17 (full 4):
 PSYoungGen      total 391168K, used 23961K [0x00000000d5580000, 0x00000000f3480000, 0x0000000100000000)
  eden space 347648K, 0% used [0x00000000d5580000,0x00000000d5580000,0x00000000ea900000)
  from space 43520K, 55% used [0x00000000ea900000,0x00000000ec066630,0x00000000ed380000)
  to   space 43008K, 0% used [0x00000000f0a80000,0x00000000f0a80000,0x00000000f3480000)
 ParOldGen       total 186368K, used 119374K [0x0000000080000000, 0x000000008b600000, 0x00000000d5580000)
  object space 186368K, 64% used [0x0000000080000000,0x0000000087493948,0x000000008b600000)
 Metaspace       used 92609K, capacity 98480K, committed 98584K, reserved 1134592K
  class space    used 12663K, capacity 13828K, committed 13872K, reserved 1048576K
Event: 53.570 GC heap after
Heap after GC invocations=17 (full 4):
 PSYoungGen      total 391168K, used 0K [0x00000000d5580000, 0x00000000f3480000, 0x0000000100000000)
  eden space 347648K, 0% used [0x00000000d5580000,0x00000000d5580000,0x00000000ea900000)
  from space 43520K, 0% used [0x00000000ea900000,0x00000000ea900000,0x00000000ed380000)
  to   space 43008K, 0% used [0x00000000f0a80000,0x00000000f0a80000,0x00000000f3480000)
 ParOldGen       total 336896K, used 116889K [0x0000000080000000, 0x0000000094900000, 0x00000000d5580000)
  object space 336896K, 34% used [0x0000000080000000,0x0000000087226460,0x0000000094900000)
 Metaspace       used 92148K, capacity 97120K, committed 98584K, reserved 1134592K
  class space    used 12514K, capacity 13564K, committed 13872K, reserved 1048576K
}
Event: 102.450 GC heap before
{Heap before GC invocations=18 (full 4):
 PSYoungGen      total 391168K, used 347648K [0x00000000d5580000, 0x00000000f3480000, 0x0000000100000000)
  eden space 347648K, 100% used [0x00000000d5580000,0x00000000ea900000,0x00000000ea900000)
  from space 43520K, 0% used [0x00000000ea900000,0x00000000ea900000,0x00000000ed380000)
  to   space 43008K, 0% used [0x00000000f0a80000,0x00000000f0a80000,0x00000000f3480000)
 ParOldGen       total 336896K, used 117268K [0x0000000080000000, 0x0000000094900000, 0x00000000d5580000)
  object space 336896K, 34% used [0x0000000080000000,0x00000000872853e0,0x0000000094900000)
 Metaspace       used 100688K, capacity 106340K, committed 106776K, reserved 1140736K
  class space    used 13443K, capacity 14542K, committed 14640K, reserved 1048576K
Event: 102.481 GC heap after
Heap after GC invocations=18 (full 4):
 PSYoungGen      total 445952K, used 27534K [0x00000000d5580000, 0x00000000f3500000, 0x0000000100000000)
  eden space 402944K, 0% used [0x00000000d5580000,0x00000000d5580000,0x00000000edf00000)
  from space 43008K, 64% used [0x00000000f0a80000,0x00000000f2563910,0x00000000f3480000)
  to   space 44032K, 0% used [0x00000000edf00000,0x00000000edf00000,0x00000000f0a00000)
 ParOldGen       total 336896K, used 117276K [0x0000000080000000, 0x0000000094900000, 0x00000000d5580000)
  object space 336896K, 34% used [0x0000000080000000,0x00000000872873e0,0x0000000094900000)
 Metaspace       used 100688K, capacity 106340K, committed 106776K, reserved 1140736K
  class space    used 13443K, capacity 14542K, committed 14640K, reserved 1048576K
}
Event: 103.710 GC heap before
{Heap before GC invocations=19 (full 4):
 PSYoungGen      total 445952K, used 430478K [0x00000000d5580000, 0x00000000f3500000, 0x0000000100000000)
  eden space 402944K, 100% used [0x00000000d5580000,0x00000000edf00000,0x00000000edf00000)
  from space 43008K, 64% used [0x00000000f0a80000,0x00000000f2563910,0x00000000f3480000)
  to   space 44032K, 0% used [0x00000000edf00000,0x00000000edf00000,0x00000000f0a00000)
 ParOldGen       total 336896K, used 117278K [0x0000000080000000, 0x0000000094900000, 0x00000000d5580000)
  object space 336896K, 34% used [0x0000000080000000,0x00000000872879f0,0x0000000094900000)
 Metaspace       used 101673K, capacity 107442K, committed 107928K, reserved 1142784K
  class space    used 13495K, capacity 14611K, committed 14768K, reserved 1048576K
Event: 103.770 GC heap after
Heap after GC invocations=19 (full 4):
 PSYoungGen      total 446976K, used 44000K [0x00000000d5580000, 0x00000000fac80000, 0x0000000100000000)
  eden space 402944K, 0% used [0x00000000d5580000,0x00000000d5580000,0x00000000edf00000)
  from space 44032K, 99% used [0x00000000edf00000,0x00000000f09f8250,0x00000000f0a00000)
  to   space 58880K, 0% used [0x00000000f7300000,0x00000000f7300000,0x00000000fac80000)
 ParOldGen       total 336896K, used 139921K [0x0000000080000000, 0x0000000094900000, 0x00000000d5580000)
  object space 336896K, 41% used [0x0000000080000000,0x00000000888a45f0,0x0000000094900000)
 Metaspace       used 101673K, capacity 107442K, committed 107928K, reserved 1142784K
  class space    used 13495K, capacity 14611K, committed 14768K, reserved 1048576K
}

